[2022-07-10 17:32:25.322] [ERROR] [main] [o.s.b.diagnostics.LoggingFailureAnalysisReporter] [report] [40] - 

***************************
APPLICATION FAILED TO START
***************************

Description:

Field eChartsService in louis.echarts.config.ApplicationRunnerTest required a bean of type 'louis.echarts.service.EChartsService' that could not be found.

The injection point has the following annotations:
	- @org.springframework.beans.factory.annotation.Autowired(required=true)


Action:

Consider defining a bean of type 'louis.echarts.service.EChartsService' in your configuration.

[2022-07-10 17:33:07.801] [ERROR] [main] [freemarker.runtime] [error] [60] - Error executing FreeMarker template
freemarker.core.InvalidReferenceException: The following has evaluated to null or missing:
==> date  [in template "EChartsLineOption.ftl" at line 104, column 22]

----
Tip: If the failing expression is known to legally refer to something that's sometimes null or missing, either specify a default value like myOptionalVar!myDefault, or use <#if myOptionalVar??>when-present<#else>when-missing</#if>. (These only cover the last step of the expression; to cover the whole expression, use parenthesis: (myOptionalVar.foo)!myDefault, (myOptionalVar.foo)??
----

----
FTL stack trace ("~" means nesting-related):
	- Failed at: ${date}  [in template "EChartsLineOption.ftl" at line 104, column 20]
----
	at freemarker.core.InvalidReferenceException.getInstance(InvalidReferenceException.java:134)
	at freemarker.core.EvalUtil.coerceModelToTextualCommon(EvalUtil.java:481)
	at freemarker.core.EvalUtil.coerceModelToStringOrMarkup(EvalUtil.java:401)
	at freemarker.core.EvalUtil.coerceModelToStringOrMarkup(EvalUtil.java:370)
	at freemarker.core.DollarVariable.calculateInterpolatedStringOrMarkup(DollarVariable.java:100)
	at freemarker.core.DollarVariable.accept(DollarVariable.java:63)
	at freemarker.core.Environment.visit(Environment.java:347)
	at freemarker.core.Environment.visit(Environment.java:353)
	at freemarker.core.Environment.process(Environment.java:326)
	at freemarker.template.Template.process(Template.java:383)
	at louis.echarts.util.FreemarkerUtil.generate(FreemarkerUtil.java:42)
	at louis.echarts.service.EChartsService.generateEcharts(EChartsService.java:46)
	at louis.echarts.config.ApplicationRunnerTest.run(ApplicationRunnerTest.java:20)
	at louis.echarts.config.ApplicationRunnerConfig.run(ApplicationRunnerConfig.java:26)
	at org.springframework.boot.SpringApplication.callRunner(SpringApplication.java:782)
	at org.springframework.boot.SpringApplication.callRunners(SpringApplication.java:772)
	at org.springframework.boot.SpringApplication.run(SpringApplication.java:345)
	at org.springframework.boot.SpringApplication.run(SpringApplication.java:1343)
	at org.springframework.boot.SpringApplication.run(SpringApplication.java:1332)
	at louis.echarts.LouisApplication.main(LouisApplication.java:10)
[2022-07-10 17:33:07.803] [ERROR] [main] [louis.echarts.util.FreemarkerUtil] [generate] [46] - 解析模板异常：{}
freemarker.core.InvalidReferenceException: The following has evaluated to null or missing:
==> date  [in template "EChartsLineOption.ftl" at line 104, column 22]

----
Tip: If the failing expression is known to legally refer to something that's sometimes null or missing, either specify a default value like myOptionalVar!myDefault, or use <#if myOptionalVar??>when-present<#else>when-missing</#if>. (These only cover the last step of the expression; to cover the whole expression, use parenthesis: (myOptionalVar.foo)!myDefault, (myOptionalVar.foo)??
----

----
FTL stack trace ("~" means nesting-related):
	- Failed at: ${date}  [in template "EChartsLineOption.ftl" at line 104, column 20]
----
	at freemarker.core.InvalidReferenceException.getInstance(InvalidReferenceException.java:134)
	at freemarker.core.EvalUtil.coerceModelToTextualCommon(EvalUtil.java:481)
	at freemarker.core.EvalUtil.coerceModelToStringOrMarkup(EvalUtil.java:401)
	at freemarker.core.EvalUtil.coerceModelToStringOrMarkup(EvalUtil.java:370)
	at freemarker.core.DollarVariable.calculateInterpolatedStringOrMarkup(DollarVariable.java:100)
	at freemarker.core.DollarVariable.accept(DollarVariable.java:63)
	at freemarker.core.Environment.visit(Environment.java:347)
	at freemarker.core.Environment.visit(Environment.java:353)
	at freemarker.core.Environment.process(Environment.java:326)
	at freemarker.template.Template.process(Template.java:383)
	at louis.echarts.util.FreemarkerUtil.generate(FreemarkerUtil.java:42)
	at louis.echarts.service.EChartsService.generateEcharts(EChartsService.java:46)
	at louis.echarts.config.ApplicationRunnerTest.run(ApplicationRunnerTest.java:20)
	at louis.echarts.config.ApplicationRunnerConfig.run(ApplicationRunnerConfig.java:26)
	at org.springframework.boot.SpringApplication.callRunner(SpringApplication.java:782)
	at org.springframework.boot.SpringApplication.callRunners(SpringApplication.java:772)
	at org.springframework.boot.SpringApplication.run(SpringApplication.java:345)
	at org.springframework.boot.SpringApplication.run(SpringApplication.java:1343)
	at org.springframework.boot.SpringApplication.run(SpringApplication.java:1332)
	at louis.echarts.LouisApplication.main(LouisApplication.java:10)
[2022-07-10 17:33:07.842] [ERROR] [main] [louis.echarts.util.Base64Util] [base64ToFile] [54] - java.lang.NullPointerException
[2022-07-10 17:40:06.390] [ERROR] [main] [o.s.b.diagnostics.LoggingFailureAnalysisReporter] [report] [40] - 

***************************
APPLICATION FAILED TO START
***************************

Description:

Web server failed to start. Port 4000 was already in use.

Action:

Identify and stop the process that's listening on port 4000 or configure this application to listen on another port.

[2022-07-10 17:42:04.061] [ERROR] [main] [louis.echarts.util.EChartsUtil] [generateEChartsBase64] [42] - ECharts Convert 服务器异常：{"msg":"SyntaxError: Unexpected token '>'","code":0,"data":""}
[2022-07-10 17:42:04.099] [ERROR] [main] [louis.echarts.util.Base64Util] [base64ToFile] [54] - java.lang.NullPointerException
[2022-07-10 17:42:24.674] [ERROR] [main] [louis.echarts.util.EChartsUtil] [generateEChartsBase64] [42] - ECharts Convert 服务器异常：{"msg":"SyntaxError: Unexpected token '>'","code":0,"data":""}
[2022-07-10 17:42:24.683] [ERROR] [main] [louis.echarts.util.Base64Util] [base64ToFile] [54] - java.lang.NullPointerException
